<?xml version="1.0" encoding="UTF-8"?>
<coverage generated="1686710758634" clover="3.2.0">
  <project timestamp="1686710758634" name="All files">
    <metrics statements="5" coveredstatements="5" conditionals="4" coveredconditionals="3" methods="1" coveredmethods="1" elements="10" coveredelements="9" complexity="0" loc="5" ncloc="5" packages="1" files="1" classes="1"/>
    <file name="index.jsx" path="/Users/2b-189/Desktop/workspace/react/todo-app/src/components/Navbar/index.jsx">
      <metrics statements="5" coveredstatements="5" conditionals="4" coveredconditionals="3" methods="1" coveredmethods="1"/>
      <line num="12" count="1" type="stmt"/>
      <line num="13" count="1" type="stmt"/>
      <line num="14" count="1" type="stmt"/>
      <line num="15" count="1" type="stmt"/>
      <line num="60" count="1" type="stmt"/>
    </file>
  </project>
</coverage>
