{"/Users/2b-189/Desktop/workspace/react/todo-app/src/components/Navbar/index.jsx": {"path":"/Users/2b-189/Desktop/workspace/react/todo-app/src/components/Navbar/index.jsx","statementMap":{"0":{"start":{"line":12,"column":22},"end":{"line":58,"column":1}},"1":{"start":{"line":13,"column":21},"end":{"line":13,"column":34}},"2":{"start":{"line":14,"column":43},"end":{"line":14,"column":57}},"3":{"start":{"line":15,"column":4},"end":{"line":57,"column":5}},"4":{"start":{"line":60,"column":0},"end":{"line":60,"column":29}}},"fnMap":{"0":{"name":"(anonymous_0)","decl":{"start":{"line":12,"column":22},"end":{"line":12,"column":23}},"loc":{"start":{"line":12,"column":28},"end":{"line":58,"column":1}},"line":12}},"branchMap":{"0":{"loc":{"start":{"line":33,"column":21},"end":{"line":45,"column":21}},"type":"binary-expr","locations":[{"start":{"line":33,"column":21},"end":{"line":33,"column":51}},{"start":{"line":34,"column":24},"end":{"line":44,"column":31}}],"line":33},"1":{"loc":{"start":{"line":51,"column":30},"end":{"line":51,"column":79}},"type":"cond-expr","locations":[{"start":{"line":51,"column":53},"end":{"line":51,"column":64}},{"start":{"line":51,"column":67},"end":{"line":51,"column":79}}],"line":51}},"s":{"0":1,"1":1,"2":1,"3":1,"4":1},"f":{"0":1},"b":{"0":[1,1],"1":[0,1]},"_coverageSchema":"1a1c01bbd47fc00a2c39e90264f33305004495a9","hash":"26742598a54d87d543fc6f415296217e9db65ae7"}
}
